<?xml version="1.0" encoding="UTF-8"?>
<!-- Generated by org.testng.reporters.JUnitXMLReporter -->
<testsuite ignored="0" hostname="INPHWN163407" failures="0" tests="3" name="Testedge" time="19.101" errors="0" timestamp="2025-12-03T09:58:36 IST">
  <testcase classname="Day45.ParamTest" name="TestLogo" time="0.0">
    <skipped/>
  </testcase> <!-- TestLogo -->
  <testcase classname="Day45.ParamTest" name="testTittle" time="0.0">
    <skipped/>
  </testcase> <!-- testTittle -->
  <testcase classname="Day45.ParamTest" name="testURL" time="0.0">
    <skipped/>
  </testcase> <!-- testURL -->
</testsuite> <!-- Testedge -->
