<?xml version="1.0" encoding="UTF-8"?>
<!-- Generated by org.testng.reporters.JUnitXMLReporter -->
<testsuite ignored="0" hostname="INPHWN163407" failures="0" tests="1" name="Test=1" time="0.225" errors="0" timestamp="2025-11-24T16:09:57 IST">
  <testcase classname="Day43p.c1" name="@BeforeTest abc1" time="0.066">
    <failure type="java.lang.AssertionError" message="expected [123] but found [123]">
      <![CDATA[java.lang.AssertionError: expected [123] but found [123]
at Day43p.c1.abc1(c1.java:21)
... Removed 27 stack frames]]>
    </failure>
  </testcase> <!-- @BeforeTest abc1 -->
  <testcase classname="Day43p.c1" name="abc" time="0.001">
    <skipped/>
  </testcase> <!-- abc -->
</testsuite> <!-- Test=1 -->
