<?xml version="1.0" encoding="UTF-8"?>
<testng-results ignored="0" total="1" passed="1" failed="0" skipped="0">
  <reporter-output>
  </reporter-output>
  <suite started-at="2025-12-31T10:50:02 IST" name="Default suite" finished-at="2025-12-31T10:50:13 IST" duration-ms="11302">
    <groups>
    </groups>
    <test started-at="2025-12-31T10:50:02 IST" name="Default test" finished-at="2025-12-31T10:50:13 IST" duration-ms="11302">
      <class name="Day47.LoginTest">
        <test-method is-config="true" signature="Setup()[pri:0, instance:Day47.LoginTest@524f3b3a]" started-at="2025-12-31T10:50:02 IST" name="Setup" finished-at="2025-12-31T10:50:11 IST" duration-ms="8728" status="PASS">
          <reporter-output>
          </reporter-output>
        </test-method> <!-- Setup -->
        <test-method signature="login()[pri:0, instance:Day47.LoginTest@524f3b3a]" started-at="2025-12-31T10:50:11 IST" name="login" finished-at="2025-12-31T10:50:13 IST" duration-ms="2353" status="PASS">
          <reporter-output>
          </reporter-output>
        </test-method> <!-- login -->
        <test-method is-config="true" signature="tearDown()[pri:0, instance:Day47.LoginTest@524f3b3a]" started-at="2025-12-31T10:50:13 IST" name="tearDown" finished-at="2025-12-31T10:50:13 IST" duration-ms="179" status="PASS">
          <reporter-output>
          </reporter-output>
        </test-method> <!-- tearDown -->
      </class> <!-- Day47.LoginTest -->
    </test> <!-- Default test -->
  </suite> <!-- Default suite -->
</testng-results>
