<?xml version="1.0" encoding="UTF-8"?>
<!-- Generated by org.testng.reporters.JUnitReportReporter -->
<testsuite hostname="INPHWN163407" failures="0" tests="3" name="Day44.loginTest" time="0.013" errors="0" timestamp="2025-11-24T17:46:34 IST" skipped="0">
  <testcase classname="Day44.loginTest" name="loginEmail" time="0.011"/>
  <testcase classname="Day44.loginTest" name="loginfacebook" time="0.001"/>
  <testcase classname="Day44.loginTest" name="logintwitter" time="0.001"/>
</testsuite> <!-- Day44.loginTest -->
