<?xml version="1.0" encoding="UTF-8"?>
<!-- Generated by org.testng.reporters.JUnitReportReporter -->
<testsuite hostname="INPHWN163407" failures="0" tests="3" name="Day44.SignupTest" time="0.007" errors="0" timestamp="2025-11-24T17:46:34 IST" skipped="0">
  <testcase classname="Day44.SignupTest" name="signupEmail" time="0.002"/>
  <testcase classname="Day44.SignupTest" name="signupfacebook" time="0.003"/>
  <testcase classname="Day44.SignupTest" name="signuptwitter" time="0.002"/>
</testsuite> <!-- Day44.SignupTest -->
