<?xml version="1.0" encoding="UTF-8"?>
<!-- Generated by org.testng.reporters.JUnitReportReporter -->
<testsuite hostname="INPHWN163407" failures="0" tests="4" name="Day42.Testngconcepts" time="21.708" errors="0" timestamp="2025-11-24T14:20:07 IST" skipped="0">
  <testcase classname="Day42.Testngconcepts" name="openAPP" time="17.517"/>
  <testcase classname="Day42.Testngconcepts" name="TestLogo" time="3.101"/>
  <testcase classname="Day42.Testngconcepts" name="TestLogin" time="0.768"/>
  <testcase classname="Day42.Testngconcepts" name="TestLogout" time="0.322"/>
</testsuite> <!-- Day42.Testngconcepts -->
